
=== POST CHECK 2026-03-17 08:09:49 ===
isset($_POST['action']): TRUE
$_POST['action'] value: "update_event"
$_POST['action'] length: 12
$_POST['action'] === 'update_event': TRUE
strcmp result: 0
✅ UPDATE_EVENT HANDLER MATCHED!

=== POST CHECK 2026-03-17 08:17:56 ===
isset($_POST['action']): TRUE
$_POST['action'] value: "update_event"
$_POST['action'] length: 12
$_POST['action'] === 'update_event': TRUE
strcmp result: 0
✅ UPDATE_EVENT HANDLER MATCHED!

=== POST CHECK 2026-03-17 08:20:20 ===
isset($_POST['action']): TRUE
$_POST['action'] value: "update_event"
$_POST['action'] length: 12
$_POST['action'] === 'update_event': TRUE
strcmp result: 0
✅ UPDATE_EVENT HANDLER MATCHED!

=== POST CHECK 2026-03-17 08:20:28 ===
isset($_POST['action']): TRUE
$_POST['action'] value: "update_event"
$_POST['action'] length: 12
$_POST['action'] === 'update_event': TRUE
strcmp result: 0
✅ UPDATE_EVENT HANDLER MATCHED!

=== POST CHECK 2026-03-17 08:22:57 ===
isset($_POST['action']): TRUE
$_POST['action'] value: "update_event"
$_POST['action'] length: 12
$_POST['action'] === 'update_event': TRUE
strcmp result: 0
✅ UPDATE_EVENT HANDLER MATCHED!

=== POST CHECK 2026-03-17 08:23:07 ===
isset($_POST['action']): TRUE
$_POST['action'] value: "update_event"
$_POST['action'] length: 12
$_POST['action'] === 'update_event': TRUE
strcmp result: 0
✅ UPDATE_EVENT HANDLER MATCHED!

=== POST CHECK 2026-03-17 08:23:34 ===
isset($_POST['action']): TRUE
$_POST['action'] value: "update_event"
$_POST['action'] length: 12
$_POST['action'] === 'update_event': TRUE
strcmp result: 0
✅ UPDATE_EVENT HANDLER MATCHED!

=== POST CHECK 2026-03-17 08:23:39 ===
isset($_POST['action']): FALSE

=== CREATE HANDLER CHECK ===
Received action: NULL
$received_action === null: TRUE
$received_action === 'create': FALSE

=== POST CHECK 2026-03-17 08:24:07 ===
isset($_POST['action']): TRUE
$_POST['action'] value: "update_event"
$_POST['action'] length: 12
$_POST['action'] === 'update_event': TRUE
strcmp result: 0
✅ UPDATE_EVENT HANDLER MATCHED!

=== POST CHECK 2026-03-17 08:24:29 ===
isset($_POST['action']): TRUE
$_POST['action'] value: "update_event"
$_POST['action'] length: 12
$_POST['action'] === 'update_event': TRUE
strcmp result: 0
✅ UPDATE_EVENT HANDLER MATCHED!

=== POST CHECK 2026-03-17 08:24:38 ===
isset($_POST['action']): TRUE
$_POST['action'] value: "update_event"
$_POST['action'] length: 12
$_POST['action'] === 'update_event': TRUE
strcmp result: 0
✅ UPDATE_EVENT HANDLER MATCHED!

=== POST CHECK 2026-03-17 08:25:09 ===
isset($_POST['action']): TRUE
$_POST['action'] value: "update_event"
$_POST['action'] length: 12
$_POST['action'] === 'update_event': TRUE
strcmp result: 0
✅ UPDATE_EVENT HANDLER MATCHED!

=== POST CHECK 2026-03-17 08:25:54 ===
isset($_POST['action']): TRUE
$_POST['action'] value: "update_event"
$_POST['action'] length: 12
$_POST['action'] === 'update_event': TRUE
strcmp result: 0
✅ UPDATE_EVENT HANDLER MATCHED!

=== POST CHECK 2026-03-17 08:27:12 ===
isset($_POST['action']): TRUE
$_POST['action'] value: "update_event"
$_POST['action'] length: 12
$_POST['action'] === 'update_event': TRUE
strcmp result: 0
✅ UPDATE_EVENT HANDLER MATCHED!

=== POST CHECK 2026-03-17 08:27:35 ===
isset($_POST['action']): TRUE
$_POST['action'] value: "update_event"
$_POST['action'] length: 12
$_POST['action'] === 'update_event': TRUE
strcmp result: 0
✅ UPDATE_EVENT HANDLER MATCHED!

=== POST CHECK 2026-03-17 08:28:18 ===
isset($_POST['action']): TRUE
$_POST['action'] value: "update_event"
$_POST['action'] length: 12
$_POST['action'] === 'update_event': TRUE
strcmp result: 0
✅ UPDATE_EVENT HANDLER MATCHED!

=== POST CHECK 2026-03-17 08:28:28 ===
isset($_POST['action']): TRUE
$_POST['action'] value: "update_event"
$_POST['action'] length: 12
$_POST['action'] === 'update_event': TRUE
strcmp result: 0
✅ UPDATE_EVENT HANDLER MATCHED!

=== POST CHECK 2026-03-17 08:28:58 ===
isset($_POST['action']): TRUE
$_POST['action'] value: "update_event"
$_POST['action'] length: 12
$_POST['action'] === 'update_event': TRUE
strcmp result: 0
✅ UPDATE_EVENT HANDLER MATCHED!

=== POST CHECK 2026-03-17 08:29:48 ===
isset($_POST['action']): TRUE
$_POST['action'] value: "update_event"
$_POST['action'] length: 12
$_POST['action'] === 'update_event': TRUE
strcmp result: 0
✅ UPDATE_EVENT HANDLER MATCHED!

=== POST CHECK 2026-03-17 08:30:18 ===
isset($_POST['action']): TRUE
$_POST['action'] value: "update_event"
$_POST['action'] length: 12
$_POST['action'] === 'update_event': TRUE
strcmp result: 0
✅ UPDATE_EVENT HANDLER MATCHED!

=== POST CHECK 2026-03-17 08:30:42 ===
isset($_POST['action']): TRUE
$_POST['action'] value: "update_event"
$_POST['action'] length: 12
$_POST['action'] === 'update_event': TRUE
strcmp result: 0
✅ UPDATE_EVENT HANDLER MATCHED!

=== POST CHECK 2026-03-17 08:32:28 ===
isset($_POST['action']): TRUE
$_POST['action'] value: "update_event"
$_POST['action'] length: 12
$_POST['action'] === 'update_event': TRUE
strcmp result: 0
✅ UPDATE_EVENT HANDLER MATCHED!

=== POST CHECK 2026-03-17 08:34:11 ===
isset($_POST['action']): TRUE
$_POST['action'] value: "update_event"
$_POST['action'] length: 12
$_POST['action'] === 'update_event': TRUE
strcmp result: 0
✅ UPDATE_EVENT HANDLER MATCHED!

=== POST CHECK 2026-03-17 08:35:11 ===
isset($_POST['action']): TRUE
$_POST['action'] value: "update_event"
$_POST['action'] length: 12
$_POST['action'] === 'update_event': TRUE
strcmp result: 0
✅ UPDATE_EVENT HANDLER MATCHED!

=== POST CHECK 2026-03-17 08:35:40 ===
isset($_POST['action']): TRUE
$_POST['action'] value: "update_event"
$_POST['action'] length: 12
$_POST['action'] === 'update_event': TRUE
strcmp result: 0
✅ UPDATE_EVENT HANDLER MATCHED!

=== POST CHECK 2026-03-17 08:36:04 ===
isset($_POST['action']): TRUE
$_POST['action'] value: "update_event"
$_POST['action'] length: 12
$_POST['action'] === 'update_event': TRUE
strcmp result: 0
✅ UPDATE_EVENT HANDLER MATCHED!

=== POST CHECK 2026-03-17 08:37:10 ===
isset($_POST['action']): TRUE
$_POST['action'] value: "update_event"
$_POST['action'] length: 12
$_POST['action'] === 'update_event': TRUE
strcmp result: 0
✅ UPDATE_EVENT HANDLER MATCHED!

=== POST CHECK 2026-03-17 08:42:38 ===
isset($_POST['action']): TRUE
$_POST['action'] value: "update_event"
$_POST['action'] length: 12
$_POST['action'] === 'update_event': TRUE
strcmp result: 0
✅ UPDATE_EVENT HANDLER MATCHED!

=== POST CHECK 2026-03-17 08:43:52 ===
isset($_POST['action']): TRUE
$_POST['action'] value: "update_event"
$_POST['action'] length: 12
$_POST['action'] === 'update_event': TRUE
strcmp result: 0
✅ UPDATE_EVENT HANDLER MATCHED!

=== POST CHECK 2026-03-17 08:51:02 ===
isset($_POST['action']): TRUE
$_POST['action'] value: "update_event"
$_POST['action'] length: 12
$_POST['action'] === 'update_event': TRUE
strcmp result: 0
✅ UPDATE_EVENT HANDLER MATCHED!
